<?xml version="1.0" encoding="UTF-8"?>
<!-- Generated by org.testng.reporters.JUnitReportReporter -->
<testsuite skipped="0" hostname="DESKTOP-H3QN7KC" name="mypack2.mypac2lk2" tests="1" failures="0" timestamp="15 Aug 2018 20:12:51 GMT" time="0.010" errors="0">
  <testcase name="test" time="0.010" classname="mypack2.mypac2lk2"/>
</testsuite> <!-- mypack2.mypac2lk2 -->
